0 info it worked if it ends with ok
1 verbose cli [ 'C:\\Program Files\\nodejs\\node.exe',
1 verbose cli   'C:\\Program Files\\nodejs\\node_modules\\npm\\bin\\npm-cli.js',
1 verbose cli   'run',
1 verbose cli   'bundle' ]
2 info using npm@3.10.10
3 info using node@v6.11.0
4 verbose run-script [ 'prebundle', 'bundle', 'postbundle' ]
5 info lifecycle demo@0.0.1~prebundle: demo@0.0.1
6 silly lifecycle demo@0.0.1~prebundle: no script for prebundle, continuing
7 info lifecycle demo@0.0.1~bundle: demo@0.0.1
8 verbose lifecycle demo@0.0.1~bundle: unsafe-perm in lifecycle true
9 verbose lifecycle demo@0.0.1~bundle: PATH: C:\Program Files\nodejs\node_modules\npm\bin\node-gyp-bin;C:\Users\funka\workspace\VR-React\node_modules\.bin;C:\Program Files (x86)\Intel\iCLS Client\;C:\Program Files\Intel\iCLS Client\;C:\Windows\system32;C:\Windows;C:\Windows\System32\Wbem;C:\Windows\System32\WindowsPowerShell\v1.0\;C:\Program Files (x86)\NVIDIA Corporation\PhysX\Common;C:\WINDOWS\system32;C:\WINDOWS;C:\WINDOWS\System32\Wbem;C:\WINDOWS\System32\WindowsPowerShell\v1.0\;C:\Program Files (x86)\Intel\Intel(R) Management Engine Components\DAL;C:\Program Files\Intel\Intel(R) Management Engine Components\DAL;C:\Program Files (x86)\Intel\Intel(R) Management Engine Components\IPT;C:\Program Files\Intel\Intel(R) Management Engine Components\IPT;C:\Ruby24\bin;C:\ProgramData\chocolatey\bin;C:\Program Files\nodejs\;C:\Program Files\Git\cmd;C:\Program Files (x86)\GtkSharp\2.12\bin;C:\Program Files (x86)\Intel\iCLS Client\;C:\Program Files\Intel\iCLS Client\;C:\Windows\system32;C:\Windows;C:\Windows\System32\Wbem;C:\Windows\System32\WindowsPowerShell\v1.0\;C:\Program Files (x86)\NVIDIA Corporation\PhysX\Common;C:\WINDOWS\system32;C:\WINDOWS;C:\WINDOWS\System32\Wbem;C:\WINDOWS\System32\WindowsPowerShell\v1.0\;C:\Program Files (x86)\Intel\Intel(R) Management Engine Components\DAL;C:\Program Files\Intel\Intel(R) Management Engine Components\DAL;C:\Program Files (x86)\Intel\Intel(R) Management Engine Components\IPT;C:\Program Files\Intel\Intel(R) Management Engine Components\IPT;C:\Ruby24\bin;C:\ProgramData\chocolatey\bin;C:\Program Files\nodejs\;C:\Program Files\Git\cmd;C:\sqlite3;;C:\Users\funka\AppData\Local\Microsoft\WindowsApps;C:\Program Files\Heroku\bin
10 verbose lifecycle demo@0.0.1~bundle: CWD: C:\Users\funka\workspace\VR-React
11 silly lifecycle demo@0.0.1~bundle: Args: [ '/d /s /c', 'node node_modules/react-vr/scripts/bundle.js' ]
12 silly lifecycle demo@0.0.1~bundle: Returned: code: 1  signal: null
13 info lifecycle demo@0.0.1~bundle: Failed to exec bundle script
14 verbose stack Error: demo@0.0.1 bundle: `node node_modules/react-vr/scripts/bundle.js`
14 verbose stack Exit status 1
14 verbose stack     at EventEmitter.<anonymous> (C:\Program Files\nodejs\node_modules\npm\lib\utils\lifecycle.js:255:16)
14 verbose stack     at emitTwo (events.js:106:13)
14 verbose stack     at EventEmitter.emit (events.js:191:7)
14 verbose stack     at ChildProcess.<anonymous> (C:\Program Files\nodejs\node_modules\npm\lib\utils\spawn.js:40:14)
14 verbose stack     at emitTwo (events.js:106:13)
14 verbose stack     at ChildProcess.emit (events.js:191:7)
14 verbose stack     at maybeClose (internal/child_process.js:891:16)
14 verbose stack     at Process.ChildProcess._handle.onexit (internal/child_process.js:226:5)
15 verbose pkgid demo@0.0.1
16 verbose cwd C:\Users\funka\workspace\VR-React\vr\build
17 error Windows_NT 10.0.16299
18 error argv "C:\\Program Files\\nodejs\\node.exe" "C:\\Program Files\\nodejs\\node_modules\\npm\\bin\\npm-cli.js" "run" "bundle"
19 error node v6.11.0
20 error npm  v3.10.10
21 error code ELIFECYCLE
22 error demo@0.0.1 bundle: `node node_modules/react-vr/scripts/bundle.js`
22 error Exit status 1
23 error Failed at the demo@0.0.1 bundle script 'node node_modules/react-vr/scripts/bundle.js'.
23 error Make sure you have the latest version of node.js and npm installed.
23 error If you do, this is most likely a problem with the demo package,
23 error not with npm itself.
23 error Tell the author that this fails on your system:
23 error     node node_modules/react-vr/scripts/bundle.js
23 error You can get information on how to open an issue for this project with:
23 error     npm bugs demo
23 error Or if that isn't available, you can get their info via:
23 error     npm owner ls demo
23 error There is likely additional logging output above.
24 verbose exit [ 1, true ]
